<?xml version="1.0" encoding="UTF-8"?>
<testng-results ignored="0" total="1" passed="1" failed="0" skipped="0">
  <reporter-output>
  </reporter-output>
  <suite started-at="2022-10-12T12:18:11 IST" name="NaukariBangalore" finished-at="2022-10-12T12:18:30 IST" duration-ms="19141">
    <groups>
    </groups>
    <test started-at="2022-10-12T12:18:11 IST" name="job1" finished-at="2022-10-12T12:18:30 IST" duration-ms="19141">
      <class name="LoginForBangalore.Login">
        <test-method is-config="true" signature="LauchBrowserAndGenerateReport()[pri:0, instance:LoginForBangalore.Login@6379eb]" started-at="2022-10-12T12:18:11 IST" name="LauchBrowserAndGenerateReport" finished-at="2022-10-12T12:18:13 IST" duration-ms="1900" status="PASS">
          <reporter-output>
          </reporter-output>
        </test-method> <!-- LauchBrowserAndGenerateReport -->
        <test-method is-config="true" signature="CreatePOMobjects()[pri:0, instance:LoginForBangalore.Login@6379eb]" started-at="2022-10-12T12:18:13 IST" name="CreatePOMobjects" finished-at="2022-10-12T12:18:13 IST" duration-ms="21" status="PASS">
          <reporter-output>
          </reporter-output>
        </test-method> <!-- CreatePOMobjects -->
        <test-method is-config="true" signature="OpenApplication()[pri:0, instance:LoginForBangalore.Login@6379eb]" started-at="2022-10-12T12:18:13 IST" name="OpenApplication" finished-at="2022-10-12T12:18:25 IST" duration-ms="12810" status="PASS">
          <reporter-output>
          </reporter-output>
        </test-method> <!-- OpenApplication -->
        <test-method signature="OpenNaukriApplicationForBangaloreProfile()[pri:0, instance:LoginForBangalore.Login@6379eb]" started-at="2022-10-12T12:18:25 IST" name="OpenNaukriApplicationForBangaloreProfile" finished-at="2022-10-12T12:18:30 IST" duration-ms="4375" status="PASS">
          <reporter-output>
          </reporter-output>
        </test-method> <!-- OpenNaukriApplicationForBangaloreProfile -->
      </class> <!-- LoginForBangalore.Login -->
    </test> <!-- job1 -->
  </suite> <!-- NaukariBangalore -->
</testng-results>
